<?xml version="1.0" encoding="UTF-8"?>
<testng-results ignored="0" total="1" passed="1" failed="0" skipped="0">
  <reporter-output>
  </reporter-output>
  <suite started-at="2023-10-26T08:31:08 IST" name="Default suite" finished-at="2023-10-26T08:31:45 IST" duration-ms="36612">
    <groups>
    </groups>
    <test started-at="2023-10-26T08:31:08 IST" name="Default test" finished-at="2023-10-26T08:31:45 IST" duration-ms="36612">
      <class name="Practice.Working_with_SoftAssertion">
        <test-method signature="Testcase01()[pri:0, instance:Practice.Working_with_SoftAssertion@35e2d654]" started-at="2023-10-26T08:31:09 IST" name="Testcase01" finished-at="2023-10-26T08:31:45 IST" duration-ms="36526" status="PASS">
          <reporter-output>
          </reporter-output>
        </test-method> <!-- Testcase01 -->
      </class> <!-- Practice.Working_with_SoftAssertion -->
    </test> <!-- Default test -->
  </suite> <!-- Default suite -->
</testng-results>
